<?xml version="1.0" encoding="UTF-8"?>
<!-- Generated by org.testng.reporters.JUnitReportReporter -->
<testsuite hostname="DESKTOP-DBEK55O" failures="0" tests="1" name="script.Testcs4" time="0.003" errors="0" timestamp="2022-12-28T17:14:23 IST" skipped="0">
  <testcase classname="script.Testcs4" name="demo" time="0.003"/>
  <system-out>
    <![CDATA[Hi BALAJI]]>
  </system-out>
</testsuite> <!-- script.Testcs4 -->
