<?xml version="1.0" encoding="UTF-8"?>
<!-- Generated by org.testng.reporters.JUnitReportReporter -->
<testsuite hostname="DESKTOP-DBEK55O" failures="0" tests="1" name="script.Testcs1" time="0.007" errors="0" timestamp="2022-12-28T17:14:23 IST" skipped="0">
  <testcase classname="script.Testcs1" name="demo" time="0.007"/>
  <system-out>
    <![CDATA[HI RENUKA]]>
  </system-out>
</testsuite> <!-- script.Testcs1 -->
